
[2K[1G[1myarn run v1.22.22[22m
[2K[1G[2m$ next build[22m
   [1m[38;2;173;127;168m▲ Next.js 15.0.3[39m[22m
   - Environments: .env.local

 [37m[1m [22m[39m Creating an optimized production build ...
[31mFailed to compile.
[39m
./lib/supabase/client.ts
[31m[1mModule not found[22m[39m: Can't resolve '[32m@supabase/ssr[39m'

https://nextjs.org/docs/messages/module-not-found

Import trace for requested module:
./components/auth/auth-form.tsx

./lib/supabase/server.ts
[31m[1mModule not found[22m[39m: Can't resolve '[32m@supabase/ssr[39m'

https://nextjs.org/docs/messages/module-not-found

Import trace for requested module:
./app/(auth)/layout.tsx


> Build failed because of webpack errors
[2K[1G[31merror[39m Command failed with exit code 1.
[2K[1G[34minfo[39m Visit [1mhttps://yarnpkg.com/en/docs/cli/run[22m for documentation about this command.
